
> bulgarian-werewolf-mafia@0.1.0 smoke E:\werewolf_mafia
> node scripts/smoke.mjs

[game-server] ℹ️  optional .env file not found: .env.production, .env
[game-server] 
   ___      _                                    ___   _ _____
  / __\___ | |_   _ ___  ___ _   _ ___   __   __/ _ \ / |___  |
 / /  / _ \| | | | / __|/ _ \ | | / __|  \ \ / / | | || |  / /
/ /__| (_) | | |_| \__ \  __/ |_| \__ \   \ V /| |_| || | / /
\____/\___/|_|\__, |___/\___|\__,_|___/    \_/  \___(_)_|/_/
              |___/

             · Multiplayer Framework for Node.js ·

💖 Consider becoming a Sponsor on GitHub → https://github.com/sponsors/endel
🌟 Give us a star on GitHub → https://github.com/colyseus/colyseus
☁️  Deploy and scale your project on Colyseus Cloud → https://cloud.colyseus.io

[game-server] ⚔️  Listening on http://localhost:3567
[web] ▲ Next.js 16.2.4
[web] - Local:         http://localhost:3300
[web] - Network:       http://0.0.0.0:3300
[web] ✓ Ready in 0ms
Smoke test passed.
